URL : http://pmc.gov.in/mr


	Failures
		<script>alert(1);</script>
		<script>alert(document.cookie);</script>

			---------------------------------------------------------------

URL : http://pmc.gov.in/antibot


	Failures
		<script>alert(1);</script>
		<script>alert(document.cookie);</script>

			---------------------------------------------------------------

URL : http://pmc.gov.in/mr/building-permission?_escaped_fragment_=&qt-department_information_quicktab_=2&qt-building_permission_online_servi=3&qt-building_permission_overview_fun=3&qt-building_permission_green_rating=0&qt-department_gallery=0


	Failures
		<script>alert(1);</script>
		<script>alert(document.cookie);</script>

			---------------------------------------------------------------

URL : http://pmc.gov.in/mr/user/login?destination=node/166773


	Failures
		<script>alert(1);</script>
		<script>alert(document.cookie);</script>

			---------------------------------------------------------------

